<?xml version="1.0" encoding="UTF-8"?>
<!-- Generated by org.testng.reporters.JUnitReportReporter -->
<testsuite hostname="DESKTOP-6D90C8O" failures="0" tests="15" name="MyTestCases" time="0.541" errors="0" timestamp="2025-04-30T21:51:50 GST" skipped="14">
  <testcase classname="MyTestCases" name="downloadfile" time="0.541"/>
  <testcase classname="MyTestCases" name="StaticDropdownExample">
    <skipped/>
  </testcase> <!-- StaticDropdownExample -->
  <testcase classname="MyTestCases" name="enabledisableexample">
    <skipped/>
  </testcase> <!-- enabledisableexample -->
  <testcase classname="MyTestCases" name="switchwindowexample">
    <skipped/>
  </testcase> <!-- switchwindowexample -->
  <testcase classname="MyTestCases" name="calendarexample">
    <skipped/>
  </testcase> <!-- calendarexample -->
  <testcase classname="MyTestCases" name="checkbpxexample">
    <skipped/>
  </testcase> <!-- checkbpxexample -->
  <testcase classname="MyTestCases" name="swetichtabexample">
    <skipped/>
  </testcase> <!-- swetichtabexample -->
  <testcase classname="MyTestCases" name="Alertandconfirm">
    <skipped/>
  </testcase> <!-- Alertandconfirm -->
  <testcase classname="MyTestCases" name="elementdisplay">
    <skipped/>
  </testcase> <!-- elementdisplay -->
  <testcase classname="MyTestCases" name="DynamicDropdownExample">
    <skipped/>
  </testcase> <!-- DynamicDropdownExample -->
  <testcase classname="MyTestCases" name="checkthetitle">
    <skipped/>
  </testcase> <!-- checkthetitle -->
  <testcase classname="MyTestCases" name="iframeexample">
    <skipped/>
  </testcase> <!-- iframeexample -->
  <testcase classname="MyTestCases" name="RadioButtonExample">
    <skipped/>
  </testcase> <!-- RadioButtonExample -->
  <testcase classname="MyTestCases" name="mousehoverexample">
    <skipped/>
  </testcase> <!-- mousehoverexample -->
  <testcase classname="MyTestCases" name="webtableexample">
    <skipped/>
  </testcase> <!-- webtableexample -->
</testsuite> <!-- MyTestCases -->
